\BOOKMARK [1][-]{section*.1}{\376\377\004\022\004\022\004\025\004\024\004\025\004\035\004\030\004\025}{}% 1
\BOOKMARK [1][-]{section.1}{\376\377\004\036\004\072\004\100\004\103\004\066\004\065\004\075\004\070\004\065\000\040\004\064\004\073\004\117\000\040\004\077\004\100\004\076\004\062\004\065\004\064\004\065\004\075\004\070\004\117\000\040\004\115\004\072\004\101\004\077\004\065\004\100\004\070\004\074\004\065\004\075\004\102\004\076\004\062}{}% 2
\BOOKMARK [2][-]{subsection.1.1}{\376\377\004\041\004\100\004\065\004\064\004\060\000\040\004\100\004\060\004\067\004\100\004\060\004\061\004\076\004\102\004\072\004\070}{section.1}% 3
\BOOKMARK [2][-]{subsection.1.2}{\376\377\004\040\004\065\004\060\004\073\004\070\004\067\004\060\004\106\004\070\004\117\000\040\004\072\004\073\004\065\004\102\004\076\004\107\004\075\004\076\004\063\004\076\000\040\004\060\004\062\004\102\004\076\004\074\004\060\004\102\004\060}{section.1}% 4
\BOOKMARK [3][-]{subsubsection.1.2.1}{\376\377\004\037\004\100\004\060\004\062\004\070\004\073\004\076\000\040\004\077\004\065\004\100\004\065\004\105\004\076\004\064\004\060}{subsection.1.2}% 5
\BOOKMARK [3][-]{subsubsection.1.2.2}{\376\377\004\036\004\077\004\102\004\070\004\074\004\070\004\067\004\070\004\100\004\076\004\062\004\060\004\075\004\075\004\076\004\065\000\040\004\062\004\113\004\107\004\070\004\101\004\073\004\065\004\075\004\070\004\065\000\040\004\062\004\105\004\076\004\064\004\075\004\113\004\105\000\040\004\101\004\070\004\063\004\075\004\060\004\073\004\076\004\062}{subsection.1.2}% 6
\BOOKMARK [3][-]{subsubsection.1.2.3}{\376\377\004\037\004\100\004\060\004\062\004\070\004\073\004\076\000\040\004\077\004\065\004\100\004\065\004\105\004\076\004\064\004\060\000\040\004\075\004\060\000\040\004\117\004\067\004\113\004\072\004\065\000\040\004\110\004\065\004\071\004\064\004\065\004\100\004\076\004\062\000\040\000\050\000H\000L\000S\000L\000\051}{subsection.1.2}% 7
\BOOKMARK [1][-]{section.2}{\376\377\004\023\004\065\004\075\004\065\004\102\004\070\004\107\004\065\004\101\004\072\004\070\004\071\000\040\004\060\004\073\004\063\004\076\004\100\004\070\004\102\004\074\000\040\004\064\004\073\004\117\000\040\004\077\004\076\004\070\004\101\004\072\004\060\000\040\004\072\004\073\004\065\004\102\004\076\004\107\004\075\004\113\004\105\000\040\004\060\004\062\004\102\004\076\004\074\004\060\004\102\004\076\004\062}{}% 8
\BOOKMARK [2][-]{subsection.2.1}{\376\377\004\037\004\076\004\064\004\101\004\107\004\065\004\102\000\040\004\077\004\100\004\070\004\101\004\077\004\076\004\101\004\076\004\061\004\073\004\065\004\075\004\075\004\076\004\101\004\102\004\070}{section.2}% 9
\BOOKMARK [2][-]{subsection.2.2}{\376\377\004\037\004\076\004\064\004\101\004\107\004\065\004\102\000\040\004\077\004\100\004\070\004\101\004\077\004\076\004\101\004\076\004\061\004\073\004\065\004\075\004\075\004\076\004\101\004\102\004\070\000\040\004\075\004\060\000\040\004\076\004\101\004\075\004\076\004\062\004\065\000\040\004\064\004\060\004\075\004\075\004\113\004\105\000\040\004\101\000\040\000G\000P\000U}{section.2}% 10
\BOOKMARK [2][-]{subsection.2.3}{\376\377\004\036\004\077\004\102\004\070\004\074\004\070\004\067\004\060\004\106\004\070\004\117\000\040\004\077\004\076\004\064\004\101\004\107\004\065\004\102\004\060\000\040\004\077\004\100\004\070\004\101\004\077\004\076\004\101\004\076\004\061\004\073\004\065\004\075\004\075\004\076\004\101\004\102\004\070}{section.2}% 11
\BOOKMARK [2][-]{subsection.2.4}{\376\377\004\055\004\062\004\076\004\073\004\116\004\106\004\070\004\117}{section.2}% 12
\BOOKMARK [2][-]{subsection.2.5}{\376\377\004\041\004\061\004\076\004\100\000\040\004\101\004\102\004\060\004\102\004\070\004\101\004\102\004\070\004\072\004\070\000\040\004\070\000\040\004\062\004\070\004\067\004\103\004\060\004\073\004\070\004\067\004\060\004\106\004\070\004\117\000\040\004\100\004\065\004\067\004\103\004\073\004\114\004\102\004\060\004\102\004\076\004\062}{section.2}% 13
\BOOKMARK [1][-]{section.3}{\376\377\004\055\004\072\004\101\004\077\004\065\004\100\004\070\004\074\004\065\004\075\004\102\004\113}{}% 14
\BOOKMARK [2][-]{subsection.3.1}{\376\377\004\032\004\076\004\075\004\104\004\070\004\063\004\103\004\100\004\060\004\106\004\070\004\117\000\040\004\077\004\060\004\100\004\060\004\074\004\065\004\102\004\100\004\076\004\062\000\040\004\115\004\072\004\101\004\077\004\065\004\100\004\070\004\074\004\065\004\075\004\102\004\060}{section.3}% 15
\BOOKMARK [2][-]{subsection.3.2}{\376\377\004\037\004\076\004\070\004\101\004\072\000\040\004\067\004\060\004\072\004\076\004\075\004\076\004\074\004\065\004\100\004\075\004\076\004\101\004\102\004\065\004\071\000\040\004\062\000\040\004\102\004\060\004\061\004\073\004\070\004\106\004\065\000\040\004\077\004\065\004\100\004\065\004\105\004\076\004\064\004\076\004\062}{section.3}% 16
\BOOKMARK [2][-]{subsection.3.3}{\376\377\004\036\004\077\004\070\004\101\004\060\004\075\004\070\004\065\000\040\004\115\004\072\004\101\004\077\004\065\004\100\004\070\004\074\004\065\004\075\004\102\004\076\004\062}{section.3}% 17
\BOOKMARK [1][-]{section*.15}{\376\377\004\027\004\020\004\032\004\033\004\056\004\047\004\025\004\035\004\030\004\025}{}% 18
\BOOKMARK [1][-]{section*.16}{\376\377\004\041\004\037\004\030\004\041\004\036\004\032\000\040\004\030\004\041\004\037\004\036\004\033\004\054\004\027\004\036\004\022\004\020\004\035\004\035\004\053\004\045\000\040\004\030\004\041\004\042\004\036\004\047\004\035\004\030\004\032\004\036\004\022}{}% 19
\BOOKMARK [1][-]{appendix.A}{\376\377\004\032\004\076\004\064\000\040\004\076\004\077\004\102\004\070\004\074\004\070\004\067\004\070\004\100\004\076\004\062\004\060\004\075\004\075\004\076\004\071\000\040\004\104\004\103\004\075\004\072\004\106\004\070\004\070\000\040\004\077\004\065\004\100\004\065\004\105\004\076\004\064\004\076\004\062}{}% 20
\BOOKMARK [1][-]{appendix.B}{\376\377\004\032\004\076\004\064\000\040\004\104\004\103\004\075\004\072\004\106\004\070\004\070\000\040\004\077\004\076\004\064\004\101\004\107\004\065\004\102\004\060\000\040\004\077\004\100\004\070\004\101\004\077\004\076\004\101\004\076\004\061\004\073\004\065\004\075\004\075\004\076\004\101\004\102\004\070}{}% 21
\BOOKMARK [1][-]{appendix.C}{\376\377\004\036\004\077\004\102\004\070\004\074\004\070\004\067\004\070\004\100\004\076\004\062\004\060\004\075\004\075\004\113\004\071\000\040\004\077\004\076\004\064\004\101\004\107\004\065\004\102\000\040\004\077\004\060\004\102\004\102\004\065\004\100\004\075\004\060}{}% 22
